<?xml version="1.0" encoding="UTF-8"?>
<!-- Generated by org.testng.reporters.JUnitReportReporter -->
<testsuite hostname="HABEEBUNNISA" failures="0" tests="3" name="com.saucedemo.Tests.RemoveFromCartTest" time="1.151" errors="0" timestamp="2024-03-22T05:24:41 IST" skipped="0">
  <testcase classname="com.saucedemo.Tests.RemoveFromCartTest" name="Login" time="0.480"/>
  <system-out/>
  <testcase classname="com.saucedemo.Tests.RemoveFromCartTest" name="AddToCart" time="0.189"/>
  <system-out/>
  <testcase classname="com.saucedemo.Tests.RemoveFromCartTest" name="RemoveFromCart" time="0.482"/>
  <system-out/>
</testsuite> <!-- com.saucedemo.Tests.RemoveFromCartTest -->
