<?xml version="1.0" encoding="UTF-8"?>
<!-- Generated by org.testng.reporters.JUnitReportReporter -->
<testsuite hostname="HABEEBUNNISA" failures="0" tests="2" name="com.saucedemo.Tests.AddToCartTest" time="0.591" errors="0" timestamp="2024-05-23T16:48:02 IST" skipped="0">
  <testcase classname="com.saucedemo.Tests.AddToCartTest" name="Login" time="0.411"/>
  <system-out/>
  <testcase classname="com.saucedemo.Tests.AddToCartTest" name="AddToCart" time="0.180"/>
  <system-out/>
</testsuite> <!-- com.saucedemo.Tests.AddToCartTest -->
