<?xml version="1.0" encoding="UTF-8"?>
<!-- Generated by org.testng.reporters.JUnitReportReporter -->
<testsuite hostname="HABEEBUNNISA" failures="0" tests="2" name="com.saucedemo.Tests.AddToCartTest" time="0.626" errors="0" timestamp="2024-03-23T00:17:18 IST" skipped="0">
  <testcase classname="com.saucedemo.Tests.AddToCartTest" name="Login" time="0.439"/>
  <system-out/>
  <testcase classname="com.saucedemo.Tests.AddToCartTest" name="AddToCart" time="0.187"/>
  <system-out/>
</testsuite> <!-- com.saucedemo.Tests.AddToCartTest -->
