<?xml version="1.0" encoding="UTF-8"?>
<!-- Generated by org.testng.reporters.JUnitReportReporter -->
<testsuite hostname="HABEEBUNNISA" failures="0" tests="3" name="com.saucedemo.Tests.RemoveFromCartTest" time="1.131" errors="0" timestamp="2024-05-23T16:48:02 IST" skipped="0">
  <testcase classname="com.saucedemo.Tests.RemoveFromCartTest" name="RemoveFromCart" time="0.438"/>
  <system-out/>
  <testcase classname="com.saucedemo.Tests.RemoveFromCartTest" name="AddToCart" time="0.201"/>
  <system-out/>
  <testcase classname="com.saucedemo.Tests.RemoveFromCartTest" name="Login" time="0.492"/>
  <system-out/>
</testsuite> <!-- com.saucedemo.Tests.RemoveFromCartTest -->
